{"contracts/LegalAgreement.sol":{"l":{"26":6,"30":4,"39":9,"40":8,"44":6,"45":5,"50":4,"51":4,"52":4,"53":4,"56":4,"58":1,"59":1,"63":4,"67":2,"73":1,"75":1,"76":1},"path":"/Users/cristian/workspace/career/interviewing/escrow/contracts/LegalAgreement.sol","s":{"1":6,"2":9,"3":8,"4":6,"5":5,"6":4,"7":4,"8":2,"9":1},"b":{"1":[4,2],"2":[8,1],"3":[6,2],"4":[5,1],"5":[4,1],"6":[4,2],"7":[2,2],"8":[1,1]},"f":{"1":6,"2":9,"3":4},"fnMap":{"1":{"name":"onlySeller","line":25,"loc":{"start":{"line":25,"column":4},"end":{"line":31,"column":4}}},"2":{"name":"settleAgreement","line":33,"loc":{"start":{"line":33,"column":4},"end":{"line":60,"column":4}}},"3":{"name":"withdraw","line":62,"loc":{"start":{"line":62,"column":4},"end":{"line":77,"column":4}}}},"statementMap":{"1":{"start":{"line":26,"column":8},"end":{"line":26,"column":587}},"2":{"start":{"line":39,"column":8},"end":{"line":39,"column":78}},"3":{"start":{"line":40,"column":8},"end":{"line":40,"column":961}},"4":{"start":{"line":44,"column":8},"end":{"line":44,"column":55}},"5":{"start":{"line":45,"column":8},"end":{"line":45,"column":1147}},"6":{"start":{"line":56,"column":8},"end":{"line":56,"column":70}},"7":{"start":{"line":63,"column":8},"end":{"line":63,"column":1675}},"8":{"start":{"line":67,"column":8},"end":{"line":67,"column":1791}},"9":{"start":{"line":73,"column":8},"end":{"line":73,"column":57}}},"branchMap":{"1":{"line":26,"type":"if","locations":[{"start":{"line":26,"column":8},"end":{"line":26,"column":8}},{"start":{"line":26,"column":8},"end":{"line":26,"column":8}}]},"2":{"line":39,"type":"if","locations":[{"start":{"line":39,"column":8},"end":{"line":39,"column":8}},{"start":{"line":39,"column":8},"end":{"line":39,"column":8}}]},"3":{"line":40,"type":"if","locations":[{"start":{"line":40,"column":8},"end":{"line":40,"column":8}},{"start":{"line":40,"column":8},"end":{"line":40,"column":8}}]},"4":{"line":44,"type":"if","locations":[{"start":{"line":44,"column":8},"end":{"line":44,"column":8}},{"start":{"line":44,"column":8},"end":{"line":44,"column":8}}]},"5":{"line":45,"type":"if","locations":[{"start":{"line":45,"column":8},"end":{"line":45,"column":8}},{"start":{"line":45,"column":8},"end":{"line":45,"column":8}}]},"6":{"line":62,"type":"if","locations":[{"start":{"line":62,"column":31},"end":{"line":62,"column":31}},{"start":{"line":62,"column":31},"end":{"line":62,"column":31}}]},"7":{"line":63,"type":"if","locations":[{"start":{"line":63,"column":8},"end":{"line":63,"column":8}},{"start":{"line":63,"column":8},"end":{"line":63,"column":8}}]},"8":{"line":67,"type":"if","locations":[{"start":{"line":67,"column":8},"end":{"line":67,"column":8}},{"start":{"line":67,"column":8},"end":{"line":67,"column":8}}]}}},"contracts/test/EscrowToken.sol":{"l":{"10":3},"path":"/Users/cristian/workspace/career/interviewing/escrow/contracts/test/EscrowToken.sol","s":{"1":3},"b":{},"f":{"1":3},"fnMap":{"1":{"name":"constructor","line":7,"loc":{"start":{"line":7,"column":4},"end":{"line":11,"column":4}}}},"statementMap":{"1":{"start":{"line":10,"column":8},"end":{"line":10,"column":61}}},"branchMap":{}},"contracts/test/InvalidERC20Token.sol":{"l":{},"path":"/Users/cristian/workspace/career/interviewing/escrow/contracts/test/InvalidERC20Token.sol","s":{},"b":{},"f":{},"fnMap":{},"statementMap":{},"branchMap":{}}}